#
# There is insufficient memory for the Java Runtime Environment to continue.
# Native memory allocation (mmap) failed to map 132120576 bytes for Failed to commit area from 0x0000000083200000 to 0x000000008b000000 of length 132120576.
# Possible reasons:
#   The system is out of physical RAM or swap space
#   The process is running with CompressedOops enabled, and the Java Heap may be blocking the growth of the native heap
# Possible solutions:
#   Reduce memory load on the system
#   Increase physical memory or swap space
#   Check if swap backing store is full
#   Decrease Java heap size (-Xmx/-Xms)
#   Decrease number of Java threads
#   Decrease Java thread stack sizes (-Xss)
#   Set larger code cache with -XX:ReservedCodeCacheSize=
# This output file may be truncated or incomplete.
#
#  Out of Memory Error (./src/hotspot/os/windows/os_windows.cpp:3387), pid=18368, tid=23992
#
# JRE version:  (11.0.14.1+1) (build )
# Java VM: OpenJDK 64-Bit Server VM (11.0.14.1+1, mixed mode, sharing, tiered, compressed oops, g1 gc, windows-amd64)
# No core dump will be written. Minidumps are not enabled by default on client versions of Windows
#

---------------  S U M M A R Y ------------

Command Line: -Dfile.encoding=UTF-8 

Host: 11th Gen Intel(R) Core(TM) i3-1115G4 @ 3.00GHz, 4 cores, 7G,  Windows 11 , 64 bit Build 22621 (10.0.22621.2506)
Time: Mon Feb 12 23:38:40 2024 W. Europe Standard Time elapsed time: 0.015685 seconds (0d 0h 0m 0s)

---------------  T H R E A D  ---------------

Current thread (0x00000245cb941800):  JavaThread "Unknown thread" [_thread_in_vm, id=23992, stack(0x000000a142800000,0x000000a142900000)]

Stack: [0x000000a142800000,0x000000a142900000]
Native frames: (J=compiled Java code, j=interpreted, Vv=VM code, C=native code)
V  [jvm.dll+0x61e59a]
V  [jvm.dll+0x7aaca9]
V  [jvm.dll+0x7ac398]
V  [jvm.dll+0x7aca73]
V  [jvm.dll+0x24f9b8]
V  [jvm.dll+0x61b83a]
V  [jvm.dll+0x6100c5]
V  [jvm.dll+0x30772c]
V  [jvm.dll+0x3075b2]
V  [jvm.dll+0x30c2d6]
V  [jvm.dll+0x35272f]
V  [jvm.dll+0x352160]
V  [jvm.dll+0x2e4728]
V  [jvm.dll+0x2e5886]
V  [jvm.dll+0x784b07]
V  [jvm.dll+0x78628f]
V  [jvm.dll+0x35f479]
V  [jvm.dll+0x767aa0]
V  [jvm.dll+0x3ccf1f]
V  [jvm.dll+0x3cf2b1]
C  [jli.dll+0x5207]
C  [ucrtbase.dll+0x29363]
C  [KERNEL32.DLL+0x1257d]
C  [ntdll.dll+0x5aa58]


---------------  P R O C E S S  ---------------

Threads class SMR info:
_java_thread_list=0x00000245c9695d70, length=0, elements={
}

Java Threads: ( => current thread )

Other Threads:
  0x00000245cb95a800 GCTaskThread "GC Thread#0" [stack: 0x0000000000000000,0x0000000000000000] [id=24760]
  0x00000245cb989800 ConcurrentGCThread "G1 Main Marker" [stack: 0x000000a142b00000,0x000000a142c00000] [id=11908]
  0x00000245cb98b000 ConcurrentGCThread "G1 Conc#0" [stack: 0x0000000000000000,0x0000000000000000] [id=21180]

[error occurred during error reporting (printing all threads), id 0xc0000005, EXCEPTION_ACCESS_VIOLATION (0xc0000005) at pc=0x00007ffd81cf3ef7]

VM state:not at safepoint (not fully initialized)

VM Mutex/Monitor currently owned by a thread:  ([mutex/lock_event])
[0x00000245cb93c730] Heap_lock - owner thread: 0x00000245cb941800

Heap address: 0x0000000083200000, size: 1998 MB, Compressed Oops mode: Non-zero based: 0x0000000083200000
Narrow klass base: 0x0000000000000000, Narrow klass shift: 0

GC Heap History (0 events):
No events

Deoptimization events (0 events):
No events

Classes redefined (0 events):
No events

Internal exceptions (0 events):
No events

Events (1 events):
Event: 0.010 Loaded shared library D:\Unity\Hub\Editor\2022.3.19f1\Editor\Data\PlaybackEngines\AndroidPlayer\OpenJDK\bin\zip.dll


Dynamic libraries:
0x00007ff6b5d40000 - 0x00007ff6b5d4d000 	D:\Unity\Hub\Editor\2022.3.19f1\Editor\Data\PlaybackEngines\AndroidPlayer\OpenJDK\bin\java.exe
0x00007ffe82a50000 - 0x00007ffe82c67000 	C:\WINDOWS\SYSTEM32\ntdll.dll
0x00007ffe81930000 - 0x00007ffe819f4000 	C:\WINDOWS\System32\KERNEL32.DLL
0x00007ffe800c0000 - 0x00007ffe80466000 	C:\WINDOWS\System32\KERNELBASE.dll
0x00007ffe7ffa0000 - 0x00007ffe800b1000 	C:\WINDOWS\System32\ucrtbase.dll
0x00007ffe324a0000 - 0x00007ffe324b7000 	D:\Unity\Hub\Editor\2022.3.19f1\Editor\Data\PlaybackEngines\AndroidPlayer\OpenJDK\bin\jli.dll
0x00007ffe81d20000 - 0x00007ffe81ece000 	C:\WINDOWS\System32\USER32.dll
0x00007ffe80470000 - 0x00007ffe80496000 	C:\WINDOWS\System32\win32u.dll
0x00007ffe80870000 - 0x00007ffe80899000 	C:\WINDOWS\System32\GDI32.dll
0x00007ffe805c0000 - 0x00007ffe806d8000 	C:\WINDOWS\System32\gdi32full.dll
0x00007ffe7fd90000 - 0x00007ffe7fe2a000 	C:\WINDOWS\System32\msvcp_win.dll
0x00007ffe64c90000 - 0x00007ffe64ca5000 	D:\Unity\Hub\Editor\2022.3.19f1\Editor\Data\PlaybackEngines\AndroidPlayer\OpenJDK\bin\VCRUNTIME140.dll
0x00007ffe6d740000 - 0x00007ffe6d9d3000 	C:\WINDOWS\WinSxS\amd64_microsoft.windows.common-controls_6595b64144ccf1df_6.0.22621.2506_none_270c5ae97388e100\COMCTL32.dll
0x00007ffe81a00000 - 0x00007ffe81aa7000 	C:\WINDOWS\System32\msvcrt.dll
0x00007ffe807b0000 - 0x00007ffe807e1000 	C:\WINDOWS\System32\IMM32.DLL
0x00007ffe2ad10000 - 0x00007ffe2adab000 	D:\Unity\Hub\Editor\2022.3.19f1\Editor\Data\PlaybackEngines\AndroidPlayer\OpenJDK\bin\msvcp140.dll
0x00007ffd81a00000 - 0x00007ffd82581000 	D:\Unity\Hub\Editor\2022.3.19f1\Editor\Data\PlaybackEngines\AndroidPlayer\OpenJDK\bin\server\jvm.dll
0x00007ffe81f00000 - 0x00007ffe81fb3000 	C:\WINDOWS\System32\ADVAPI32.dll
0x00007ffe80d40000 - 0x00007ffe80de8000 	C:\WINDOWS\System32\sechost.dll
0x00007ffe80590000 - 0x00007ffe805b8000 	C:\WINDOWS\System32\bcrypt.dll
0x00007ffe80df0000 - 0x00007ffe80f07000 	C:\WINDOWS\System32\RPCRT4.dll
0x00007ffe81ed0000 - 0x00007ffe81ed8000 	C:\WINDOWS\System32\PSAPI.DLL
0x00007ffe7c560000 - 0x00007ffe7c569000 	C:\WINDOWS\SYSTEM32\WSOCK32.dll
0x00007ffe80f10000 - 0x00007ffe80f81000 	C:\WINDOWS\System32\WS2_32.dll
0x00007ffe7a860000 - 0x00007ffe7a894000 	C:\WINDOWS\SYSTEM32\WINMM.dll
0x00007ffe6f9c0000 - 0x00007ffe6f9ca000 	C:\WINDOWS\SYSTEM32\VERSION.dll
0x00007ffe7ed90000 - 0x00007ffe7eda8000 	C:\WINDOWS\SYSTEM32\kernel.appcore.dll
0x00007ffe4c890000 - 0x00007ffe4c8a0000 	D:\Unity\Hub\Editor\2022.3.19f1\Editor\Data\PlaybackEngines\AndroidPlayer\OpenJDK\bin\verify.dll
0x00007ffe7d300000 - 0x00007ffe7d533000 	C:\WINDOWS\SYSTEM32\DBGHELP.DLL
0x00007ffe809a0000 - 0x00007ffe80d29000 	C:\WINDOWS\System32\combase.dll
0x00007ffe82540000 - 0x00007ffe82617000 	C:\WINDOWS\System32\OLEAUT32.dll
0x00007ffe42e90000 - 0x00007ffe42ec2000 	C:\WINDOWS\SYSTEM32\dbgcore.DLL
0x00007ffe804a0000 - 0x00007ffe8051a000 	C:\WINDOWS\System32\bcryptPrimitives.dll
0x00007ffe2d150000 - 0x00007ffe2d178000 	D:\Unity\Hub\Editor\2022.3.19f1\Editor\Data\PlaybackEngines\AndroidPlayer\OpenJDK\bin\java.dll
0x00007ffe4c710000 - 0x00007ffe4c71a000 	D:\Unity\Hub\Editor\2022.3.19f1\Editor\Data\PlaybackEngines\AndroidPlayer\OpenJDK\bin\jimage.dll
0x00007ffe31690000 - 0x00007ffe316a8000 	D:\Unity\Hub\Editor\2022.3.19f1\Editor\Data\PlaybackEngines\AndroidPlayer\OpenJDK\bin\zip.dll

dbghelp: loaded successfully - version: 4.0.5 - missing functions: none
symbol engine: initialized successfully - sym options: 0x614 - pdb path: .;D:\Unity\Hub\Editor\2022.3.19f1\Editor\Data\PlaybackEngines\AndroidPlayer\OpenJDK\bin;C:\WINDOWS\SYSTEM32;C:\WINDOWS\WinSxS\amd64_microsoft.windows.common-controls_6595b64144ccf1df_6.0.22621.2506_none_270c5ae97388e100;D:\Unity\Hub\Editor\2022.3.19f1\Editor\Data\PlaybackEngines\AndroidPlayer\OpenJDK\bin\server

VM Arguments:
jvm_args: -Dfile.encoding=UTF-8 
java_command: <unknown>
java_class_path (initial): <not set>
Launcher Type: SUN_STANDARD

[Global flags]
     intx CICompilerCount                          = 3                                         {product} {ergonomic}
     uint ConcGCThreads                            = 1                                         {product} {ergonomic}
     uint G1ConcRefinementThreads                  = 4                                         {product} {ergonomic}
   size_t G1HeapRegionSize                         = 1048576                                   {product} {ergonomic}
    uintx GCDrainStackTargetSize                   = 64                                        {product} {ergonomic}
   size_t InitialHeapSize                          = 132120576                                 {product} {ergonomic}
   size_t MarkStackSize                            = 4194304                                   {product} {ergonomic}
   size_t MaxHeapSize                              = 2095054848                                {product} {ergonomic}
   size_t MinHeapDeltaBytes                        = 1048576                                   {product} {ergonomic}
    uintx NonNMethodCodeHeapSize                   = 5830732                                {pd product} {ergonomic}
    uintx NonProfiledCodeHeapSize                  = 122913754                              {pd product} {ergonomic}
    uintx ProfiledCodeHeapSize                     = 122913754                              {pd product} {ergonomic}
    uintx ReservedCodeCacheSize                    = 251658240                              {pd product} {ergonomic}
     bool SegmentedCodeCache                       = true                                      {product} {ergonomic}
     bool UseCompressedClassPointers               = true                                 {lp64_product} {ergonomic}
     bool UseCompressedOops                        = true                                 {lp64_product} {ergonomic}
     bool UseG1GC                                  = true                                      {product} {ergonomic}
     bool UseLargePagesIndividualAllocation        = false                                  {pd product} {ergonomic}

Logging:
Log output configuration:
 #0: stdout all=warning uptime,level,tags
 #1: stderr all=off uptime,level,tags

Environment Variables:
JAVA_HOME=D:\Unity\Hub\Editor\2022.3.19f1\Editor\Data\PlaybackEngines\AndroidPlayer\OpenJDK
JAVA_TOOL_OPTIONS=-Dfile.encoding=UTF-8
PATH=C:\Program Files (x86)\VMware\VMware Player\bin\;C:\Windows\System32\HWAudioDriverLibs;C:\Windows\system32;C:\Windows;C:\Windows\System32\Wbem;C:\Windows\System32\WindowsPowerShell\v1.0\;C:\Windows\System32\OpenSSH\;C:\Users\Administrator\AppData\Local\Microsoft\WindowsApps;D:\MATLAB\R2022b\bin;C:\WINDOWS\system32;C:\WINDOWS;C:\WINDOWS\System32\Wbem;C:\WINDOWS\System32\WindowsPowerShell\v1.0\;C:\WINDOWS\System32\OpenSSH\;C:\Android;C:\Program Files\dotnet\;D:\Git LFS;C:\Users\franc\scoop\shims;C:\Users\franc\AppData\Local\Microsoft\WindowsApps;D:\Microsoft VS Code\bin;C:\Users\franc\AppData\Local\Microsoft\WindowsApps;C:\PATH_Programs;C:\Users\franc\.dotnet\tools
USERNAME=franc
OS=Windows_NT
PROCESSOR_IDENTIFIER=Intel64 Family 6 Model 140 Stepping 1, GenuineIntel



---------------  S Y S T E M  ---------------

OS: Windows 11 , 64 bit Build 22621 (10.0.22621.2506)
OS uptime: 3 days 15:38 hours
Hyper-V role detected

CPU:total 4 (initial active 4) (2 cores per cpu, 2 threads per core) family 6 model 140 stepping 1 microcode 0x8a, cmov, cx8, fxsr, mmx, sse, sse2, sse3, ssse3, sse4.1, sse4.2, popcnt, avx, avx2, aes, clmul, erms, 3dnowpref, lzcnt, ht, tsc, tscinvbit, bmi1, bmi2, adx, evex, sha, fma

Memory: 4k page, system-wide physical 7991M (455M free)
TotalPageFile size 20632M (AvailPageFile size 75M)
current process WorkingSet (physical memory assigned to process): 10M, peak: 10M
current process commit charge ("private bytes"): 51M, peak: 177M

vm_info: OpenJDK 64-Bit Server VM (11.0.14.1+1) for windows-amd64 JRE (11.0.14.1+1), built on Feb  9 2022 01:48:27 by "" with unknown MS VC++:1916

END.
